0 verbose cli /usr/local/bin/node /usr/local/bin/npm
1 info using npm@8.19.4
2 info using node@v16.20.2
3 timing npm:load:whichnode Completed in 0ms
4 timing config:load:defaults Completed in 1ms
5 timing config:load:file:/usr/local/lib/node_modules/npm/npmrc Completed in 0ms
6 timing config:load:builtin Completed in 1ms
7 timing config:load:cli Completed in 1ms
8 timing config:load:env Completed in 0ms
9 timing config:load:project Completed in 1ms
10 timing config:load:file:/root/.npmrc Completed in 1ms
11 timing config:load:user Completed in 1ms
12 timing config:load:file:/usr/local/etc/npmrc Completed in 0ms
13 timing config:load:global Completed in 0ms
14 timing config:load:validate Completed in 0ms
15 timing config:load:credentials Completed in 1ms
16 timing config:load:setEnvs Completed in 1ms
17 timing config:load Completed in 9ms
18 timing npm:load:configload Completed in 9ms
19 timing npm:load:mkdirpcache Completed in 3ms
20 timing npm:load:mkdirplogs Completed in 1ms
21 verbose title npm start
22 verbose argv "start"
23 timing npm:load:setTitle Completed in 1ms
24 timing config:load:flatten Completed in 3ms
25 timing npm:load:display Completed in 3ms
26 verbose logfile logs-max:10 dir:/root/.npm/_logs
27 verbose logfile /root/.npm/_logs/2024-05-04T16_29_47_603Z-debug-0.log
28 timing npm:load:logFile Completed in 5ms
29 timing npm:load:timers Completed in 0ms
30 timing npm:load:configScope Completed in 0ms
31 timing npm:load Completed in 23ms
32 silly logfile start cleaning logs, removing 1 files
33 silly logfile done cleaning log files
34 timing command:run-script Completed in 32960ms
35 timing command:start Completed in 32964ms
36 verbose stack Error: command failed
36 verbose stack     at ChildProcess.<anonymous> (/usr/local/lib/node_modules/npm/node_modules/@npmcli/promise-spawn/lib/index.js:63:27)
36 verbose stack     at ChildProcess.emit (node:events:513:28)
36 verbose stack     at maybeClose (node:internal/child_process:1100:16)
36 verbose stack     at Process.ChildProcess._handle.onexit (node:internal/child_process:304:5)
37 verbose pkgid tracnghiem@0.1.0
38 verbose cwd /root
39 verbose Linux 6.8.0-31-generic
40 verbose node v16.20.2
41 verbose npm  v8.19.4
42 error path /root
43 error command failed
44 error signal SIGTERM
45 error command sh -c -- react-scripts start
46 verbose exit 1
47 timing npm Completed in 32995ms
48 verbose code 1
49 error A complete log of this run can be found in:
49 error     /root/.npm/_logs/2024-05-04T16_29_47_603Z-debug-0.log
