0 verbose cli /usr/local/bin/node /usr/local/bin/npm
1 info using npm@8.19.4
2 info using node@v16.20.2
3 timing npm:load:whichnode Completed in 0ms
4 timing config:load:defaults Completed in 1ms
5 timing config:load:file:/usr/local/lib/node_modules/npm/npmrc Completed in 1ms
6 timing config:load:builtin Completed in 1ms
7 timing config:load:cli Completed in 1ms
8 timing config:load:env Completed in 0ms
9 timing config:load:project Completed in 1ms
10 timing config:load:file:/root/.npmrc Completed in 0ms
11 timing config:load:user Completed in 0ms
12 timing config:load:file:/usr/local/etc/npmrc Completed in 1ms
13 timing config:load:global Completed in 1ms
14 timing config:load:validate Completed in 0ms
15 timing config:load:credentials Completed in 1ms
16 timing config:load:setEnvs Completed in 1ms
17 timing config:load Completed in 8ms
18 timing npm:load:configload Completed in 8ms
19 timing npm:load:mkdirpcache Completed in 4ms
20 timing npm:load:mkdirplogs Completed in 0ms
21 verbose title npm start
22 verbose argv "start"
23 timing npm:load:setTitle Completed in 1ms
24 timing config:load:flatten Completed in 2ms
25 timing npm:load:display Completed in 3ms
26 verbose logfile logs-max:10 dir:/root/.npm/_logs
27 verbose logfile /root/.npm/_logs/2024-05-04T15_49_53_629Z-debug-0.log
28 timing npm:load:logFile Completed in 5ms
29 timing npm:load:timers Completed in 0ms
30 timing npm:load:configScope Completed in 0ms
31 timing npm:load Completed in 23ms
32 silly logfile done cleaning log files
33 timing command:run-script Completed in 122910ms
34 timing command:start Completed in 122912ms
35 verbose stack Error: command failed
35 verbose stack     at ChildProcess.<anonymous> (/usr/local/lib/node_modules/npm/node_modules/@npmcli/promise-spawn/lib/index.js:63:27)
35 verbose stack     at ChildProcess.emit (node:events:513:28)
35 verbose stack     at maybeClose (node:internal/child_process:1100:16)
35 verbose stack     at Process.ChildProcess._handle.onexit (node:internal/child_process:304:5)
36 verbose pkgid tracnghiem@0.1.0
37 verbose cwd /root
38 verbose Linux 6.8.0-31-generic
39 verbose node v16.20.2
40 verbose npm  v8.19.4
41 error path /root
42 error command failed
43 error signal SIGTERM
44 error command sh -c -- react-scripts start
45 verbose exit 1
46 timing npm Completed in 122944ms
47 verbose code 1
48 error A complete log of this run can be found in:
48 error     /root/.npm/_logs/2024-05-04T15_49_53_629Z-debug-0.log
